2018-03-11 13:33:36 MSG merovingian[79050]: Merovingian 1.7 (Jul2017-SP3) starting
2018-03-11 13:33:36 MSG merovingian[79050]: monitoring dbfarm /Users/liliane/Documents/Mestrado/Laboratório de Banco de Dados/labbd/db
2018-03-11 13:33:36 MSG merovingian[79050]: accepting connections on TCP socket localhost:50000
2018-03-11 13:33:36 MSG merovingian[79050]: accepting connections on UNIX domain socket /tmp/.s.monetdb.50000
2018-03-11 13:33:36 MSG discovery[79050]: listening for UDP messages on localhost:50000
2018-03-11 13:33:36 MSG control[79050]: accepting connections on UNIX domain socket /tmp/.s.merovingian.50000
2018-03-11 13:33:36 MSG control[79050]: (local): created database 'prov'
2018-03-11 13:33:36 MSG control[79050]: (local): served status list
2018-03-11 13:33:36 MSG control[79050]: (local): released database 'prov'
2018-03-11 13:33:49 MSG merovingian[79050]: starting database 'prov', up min/avg/max: 0s/0s/0s, crash average: 0.00 0.00 0.00 (0-0=0)
2018-03-11 13:33:49 MSG prov[79055]: arguments: /usr/local/Cellar/monetdb/11.27.11/bin/mserver5 "--dbpath=/Users/liliane/Documents/Mestrado/Laboratório de Banco de Dados/labbd/db/prov" --set merovingian_uri=mapi:monetdb://Lilianes-MacBook-Pro.local:50000/prov --set mapi_open=false --set mapi_port=0 --set "mapi_usock=/Users/liliane/Documents/Mestrado/Laboratório de Banco de Dados/labbd/db/prov/.mapi.sock" --set "
2018-03-11 13:33:49 MSG prov[79055]: monet_vault_key=/Users/liliane/Documents/Mestrado/Laboratório de Banco de Dados/labbd/db/prov/.vaultkey" --set gdk_nr_threads=8 --set max_clients=64 --set sql_optimizer=default_pipe --set monet_daemon=yes
2018-03-11 13:33:49 MSG prov[79055]: # MonetDB 5 server v11.27.11 "Jul2017-SP3"
2018-03-11 13:33:49 MSG prov[79055]: # Serving database 'prov', using 8 threads
2018-03-11 13:33:49 MSG prov[79055]: # Compiled for x86_64-apple-darwin17.3.0/64bit with 128bit integers
2018-03-11 13:33:49 MSG prov[79055]: # Found 16.000 GiB available main-memory.
2018-03-11 13:33:49 MSG prov[79055]: # Copyright (c) 1993-July 2008 CWI.
2018-03-11 13:33:49 MSG prov[79055]: # Copyright (c) August 2008-2017 MonetDB B.V., all rights reserved
2018-03-11 13:33:49 MSG prov[79055]: # Visit https://www.monetdb.org/ for further information
2018-03-11 13:33:49 MSG prov[79055]: # Listening for UNIX domain connection requests on mapi:monetdb:///Users/liliane/Documents/Mestrado/Laboratório de Banco de Dados/labbd/db/prov/.mapi.sock
2018-03-11 13:33:49 MSG prov[79055]: # MonetDB/SQL module loaded
2018-03-11 13:33:49 MSG merovingian[79050]: proxying client 0.0.0.0:0 for database 'prov' to mapi:monetdb:///Users/liliane/Documents/Mestrado/Laboratório de Banco de Dados/labbd/db/prov/.mapi.sock?database=prov
2018-03-11 13:33:49 MSG merovingian[79050]: target connection is on local UNIX domain socket, passing on filedescriptor instead of proxying
2018-03-11 13:33:49 MSG prov[79055]: # SQL catalog created, loading sql scripts once
2018-03-11 13:33:49 MSG prov[79055]: # loading sql script: 09_like.sql
2018-03-11 13:33:49 MSG prov[79055]: # loading sql script: 10_math.sql
2018-03-11 13:33:49 MSG prov[79055]: # loading sql script: 11_times.sql
2018-03-11 13:33:49 MSG prov[79055]: # loading sql script: 12_url.sql
2018-03-11 13:33:49 MSG prov[79055]: # loading sql script: 13_date.sql
2018-03-11 13:33:49 MSG prov[79055]: # loading sql script: 14_inet.sql
2018-03-11 13:33:49 MSG prov[79055]: # loading sql script: 15_querylog.sql
2018-03-11 13:33:49 MSG prov[79055]: # loading sql script: 16_tracelog.sql
2018-03-11 13:33:49 MSG prov[79055]: # loading sql script: 17_temporal.sql
2018-03-11 13:33:49 MSG prov[79055]: # loading sql script: 18_index.sql
2018-03-11 13:33:49 MSG prov[79055]: # loading sql script: 20_vacuum.sql
2018-03-11 13:33:49 MSG prov[79055]: # loading sql script: 21_dependency_functions.sql
2018-03-11 13:33:49 MSG prov[79055]: # loading sql script: 22_clients.sql
2018-03-11 13:33:49 MSG prov[79055]: # loading sql script: 23_skyserver.sql
2018-03-11 13:33:49 MSG prov[79055]: # loading sql script: 25_debug.sql
2018-03-11 13:33:49 MSG prov[79055]: # loading sql script: 26_sysmon.sql
2018-03-11 13:33:49 MSG prov[79055]: # loading sql script: 27_rejects.sql
2018-03-11 13:33:49 MSG prov[79055]: # loading sql script: 39_analytics.sql
2018-03-11 13:33:49 MSG prov[79055]: # loading sql script: 39_analytics_hge.sql
2018-03-11 13:33:49 MSG prov[79055]: # loading sql script: 40_json.sql
2018-03-11 13:33:49 MSG prov[79055]: # loading sql script: 40_json_hge.sql
2018-03-11 13:33:49 MSG prov[79055]: # loading sql script: 41_md5sum.sql
2018-03-11 13:33:49 MSG prov[79055]: # loading sql script: 45_uuid.sql
2018-03-11 13:33:49 MSG prov[79055]: # loading sql script: 46_profiler.sql
2018-03-11 13:33:49 MSG prov[79055]: # loading sql script: 51_sys_schema_extension.sql
2018-03-11 13:33:49 MSG prov[79055]: # loading sql script: 75_storagemodel.sql
2018-03-11 13:33:49 MSG prov[79055]: # loading sql script: 80_statistics.sql
2018-03-11 13:33:49 MSG prov[79055]: # loading sql script: 80_udf.sql
2018-03-11 13:33:49 MSG prov[79055]: # loading sql script: 80_udf_hge.sql
2018-03-11 13:33:49 MSG prov[79055]: # loading sql script: 90_generator.sql
2018-03-11 13:33:49 MSG prov[79055]: # loading sql script: 90_generator_hge.sql
2018-03-11 13:33:49 MSG prov[79055]: # loading sql script: 99_system.sql
2018-03-11 13:33:57 MSG merovingian[79050]: proxying client 0.0.0.0:0 for database 'prov' to mapi:monetdb:///Users/liliane/Documents/Mestrado/Laboratório de Banco de Dados/labbd/db/prov/.mapi.sock?database=prov
2018-03-11 13:33:57 MSG merovingian[79050]: target connection is on local UNIX domain socket, passing on filedescriptor instead of proxying
2018-03-11 13:34:19 MSG merovingian[79050]: proxying client localhost:55092 for database 'prov' to mapi:monetdb:///Users/liliane/Documents/Mestrado/Laboratório de Banco de Dados/labbd/db/prov/.mapi.sock?database=prov
2018-03-11 13:34:19 MSG merovingian[79050]: target connection is on local UNIX domain socket, passing on filedescriptor instead of proxying
2018-03-11 13:37:01 MSG merovingian[79050]: proxying client localhost:55190 for database 'prov' to mapi:monetdb:///Users/liliane/Documents/Mestrado/Laboratório de Banco de Dados/labbd/db/prov/.mapi.sock?database=prov
2018-03-11 13:37:01 MSG merovingian[79050]: target connection is on local UNIX domain socket, passing on filedescriptor instead of proxying
2018-03-11 13:38:49 MSG merovingian[79050]: proxying client localhost:55205 for database 'prov' to mapi:monetdb:///Users/liliane/Documents/Mestrado/Laboratório de Banco de Dados/labbd/db/prov/.mapi.sock?database=prov
2018-03-11 13:38:49 MSG merovingian[79050]: target connection is on local UNIX domain socket, passing on filedescriptor instead of proxying
2018-03-11 13:39:10 MSG merovingian[79050]: proxying client localhost:55208 for database 'prov' to mapi:monetdb:///Users/liliane/Documents/Mestrado/Laboratório de Banco de Dados/labbd/db/prov/.mapi.sock?database=prov
2018-03-11 13:39:10 MSG merovingian[79050]: target connection is on local UNIX domain socket, passing on filedescriptor instead of proxying
2018-03-11 13:42:13 MSG merovingian[79050]: proxying client localhost:55231 for database 'prov' to mapi:monetdb:///Users/liliane/Documents/Mestrado/Laboratório de Banco de Dados/labbd/db/prov/.mapi.sock?database=prov
2018-03-11 13:42:13 MSG merovingian[79050]: target connection is on local UNIX domain socket, passing on filedescriptor instead of proxying
2018-03-11 13:44:07 MSG merovingian[79050]: proxying client localhost:55253 for database 'prov' to mapi:monetdb:///Users/liliane/Documents/Mestrado/Laboratório de Banco de Dados/labbd/db/prov/.mapi.sock?database=prov
2018-03-11 13:44:07 MSG merovingian[79050]: target connection is on local UNIX domain socket, passing on filedescriptor instead of proxying
2018-03-11 13:44:39 MSG merovingian[79050]: proxying client localhost:55256 for database 'prov' to mapi:monetdb:///Users/liliane/Documents/Mestrado/Laboratório de Banco de Dados/labbd/db/prov/.mapi.sock?database=prov
2018-03-11 13:44:39 MSG merovingian[79050]: target connection is on local UNIX domain socket, passing on filedescriptor instead of proxying
2018-03-11 13:48:03 MSG merovingian[79050]: proxying client localhost:55272 for database 'prov' to mapi:monetdb:///Users/liliane/Documents/Mestrado/Laboratório de Banco de Dados/labbd/db/prov/.mapi.sock?database=prov
2018-03-11 13:48:03 MSG merovingian[79050]: target connection is on local UNIX domain socket, passing on filedescriptor instead of proxying
2018-03-11 13:48:09 MSG merovingian[79050]: proxying client localhost:55281 for database 'prov' to mapi:monetdb:///Users/liliane/Documents/Mestrado/Laboratório de Banco de Dados/labbd/db/prov/.mapi.sock?database=prov
2018-03-11 13:48:09 MSG merovingian[79050]: target connection is on local UNIX domain socket, passing on filedescriptor instead of proxying
2018-03-11 13:51:21 MSG merovingian[79050]: proxying client localhost:55319 for database 'prov' to mapi:monetdb:///Users/liliane/Documents/Mestrado/Laboratório de Banco de Dados/labbd/db/prov/.mapi.sock?database=prov
2018-03-11 13:51:21 MSG merovingian[79050]: target connection is on local UNIX domain socket, passing on filedescriptor instead of proxying
2018-03-11 13:52:36 MSG merovingian[79050]: proxying client localhost:55349 for database 'prov' to mapi:monetdb:///Users/liliane/Documents/Mestrado/Laboratório de Banco de Dados/labbd/db/prov/.mapi.sock?database=prov
2018-03-11 13:52:36 MSG merovingian[79050]: target connection is on local UNIX domain socket, passing on filedescriptor instead of proxying
2018-03-11 13:52:51 MSG merovingian[79050]: proxying client localhost:55366 for database 'prov' to mapi:monetdb:///Users/liliane/Documents/Mestrado/Laboratório de Banco de Dados/labbd/db/prov/.mapi.sock?database=prov
2018-03-11 13:52:51 MSG merovingian[79050]: target connection is on local UNIX domain socket, passing on filedescriptor instead of proxying
2018-03-11 13:52:58 MSG merovingian[79050]: proxying client localhost:55388 for database 'prov' to mapi:monetdb:///Users/liliane/Documents/Mestrado/Laboratório de Banco de Dados/labbd/db/prov/.mapi.sock?database=prov
2018-03-11 13:52:58 MSG merovingian[79050]: target connection is on local UNIX domain socket, passing on filedescriptor instead of proxying
2018-03-11 13:53:03 MSG merovingian[79050]: proxying client localhost:55394 for database 'prov' to mapi:monetdb:///Users/liliane/Documents/Mestrado/Laboratório de Banco de Dados/labbd/db/prov/.mapi.sock?database=prov
2018-03-11 13:53:03 MSG merovingian[79050]: target connection is on local UNIX domain socket, passing on filedescriptor instead of proxying
2018-03-11 13:53:15 MSG merovingian[79050]: proxying client localhost:55396 for database 'prov' to mapi:monetdb:///Users/liliane/Documents/Mestrado/Laboratório de Banco de Dados/labbd/db/prov/.mapi.sock?database=prov
2018-03-11 13:53:15 MSG merovingian[79050]: target connection is on local UNIX domain socket, passing on filedescriptor instead of proxying
2018-03-11 13:53:27 MSG merovingian[79050]: proxying client localhost:55403 for database 'prov' to mapi:monetdb:///Users/liliane/Documents/Mestrado/Laboratório de Banco de Dados/labbd/db/prov/.mapi.sock?database=prov
2018-03-11 13:53:27 MSG merovingian[79050]: target connection is on local UNIX domain socket, passing on filedescriptor instead of proxying
2018-03-11 13:55:42 MSG merovingian[79050]: proxying client localhost:55413 for database 'prov' to mapi:monetdb:///Users/liliane/Documents/Mestrado/Laboratório de Banco de Dados/labbd/db/prov/.mapi.sock?database=prov
2018-03-11 13:55:42 MSG merovingian[79050]: target connection is on local UNIX domain socket, passing on filedescriptor instead of proxying
2018-03-11 13:56:42 MSG merovingian[79050]: proxying client localhost:55437 for database 'prov' to mapi:monetdb:///Users/liliane/Documents/Mestrado/Laboratório de Banco de Dados/labbd/db/prov/.mapi.sock?database=prov
2018-03-11 13:56:42 MSG merovingian[79050]: target connection is on local UNIX domain socket, passing on filedescriptor instead of proxying
2018-03-11 14:01:58 MSG merovingian[79050]: proxying client localhost:55462 for database 'prov' to mapi:monetdb:///Users/liliane/Documents/Mestrado/Laboratório de Banco de Dados/labbd/db/prov/.mapi.sock?database=prov
2018-03-11 14:01:58 MSG merovingian[79050]: target connection is on local UNIX domain socket, passing on filedescriptor instead of proxying
2018-03-11 14:03:17 MSG merovingian[79050]: proxying client localhost:55493 for database 'prov' to mapi:monetdb:///Users/liliane/Documents/Mestrado/Laboratório de Banco de Dados/labbd/db/prov/.mapi.sock?database=prov
2018-03-11 14:03:17 MSG merovingian[79050]: target connection is on local UNIX domain socket, passing on filedescriptor instead of proxying
2018-03-11 14:06:47 MSG merovingian[79050]: proxying client localhost:55522 for database 'prov' to mapi:monetdb:///Users/liliane/Documents/Mestrado/Laboratório de Banco de Dados/labbd/db/prov/.mapi.sock?database=prov
2018-03-11 14:06:47 MSG merovingian[79050]: target connection is on local UNIX domain socket, passing on filedescriptor instead of proxying
2018-03-11 14:07:35 MSG merovingian[79050]: proxying client localhost:55547 for database 'prov' to mapi:monetdb:///Users/liliane/Documents/Mestrado/Laboratório de Banco de Dados/labbd/db/prov/.mapi.sock?database=prov
2018-03-11 14:07:35 MSG merovingian[79050]: target connection is on local UNIX domain socket, passing on filedescriptor instead of proxying
2018-03-11 14:08:12 MSG merovingian[79050]: proxying client localhost:55561 for database 'prov' to mapi:monetdb:///Users/liliane/Documents/Mestrado/Laboratório de Banco de Dados/labbd/db/prov/.mapi.sock?database=prov
2018-03-11 14:08:12 MSG merovingian[79050]: target connection is on local UNIX domain socket, passing on filedescriptor instead of proxying
2018-03-11 14:08:29 MSG merovingian[79050]: proxying client localhost:55566 for database 'prov' to mapi:monetdb:///Users/liliane/Documents/Mestrado/Laboratório de Banco de Dados/labbd/db/prov/.mapi.sock?database=prov
2018-03-11 14:08:29 MSG merovingian[79050]: target connection is on local UNIX domain socket, passing on filedescriptor instead of proxying
2018-03-11 14:08:43 MSG merovingian[79050]: proxying client localhost:55571 for database 'prov' to mapi:monetdb:///Users/liliane/Documents/Mestrado/Laboratório de Banco de Dados/labbd/db/prov/.mapi.sock?database=prov
2018-03-11 14:08:43 MSG merovingian[79050]: target connection is on local UNIX domain socket, passing on filedescriptor instead of proxying
2018-03-11 14:09:20 MSG merovingian[79050]: proxying client localhost:55581 for database 'prov' to mapi:monetdb:///Users/liliane/Documents/Mestrado/Laboratório de Banco de Dados/labbd/db/prov/.mapi.sock?database=prov
2018-03-11 14:09:20 MSG merovingian[79050]: target connection is on local UNIX domain socket, passing on filedescriptor instead of proxying
2018-03-11 14:09:59 MSG merovingian[79050]: proxying client localhost:55598 for database 'prov' to mapi:monetdb:///Users/liliane/Documents/Mestrado/Laboratório de Banco de Dados/labbd/db/prov/.mapi.sock?database=prov
2018-03-11 14:09:59 MSG merovingian[79050]: target connection is on local UNIX domain socket, passing on filedescriptor instead of proxying
2018-03-11 14:10:06 MSG merovingian[79050]: proxying client localhost:55607 for database 'prov' to mapi:monetdb:///Users/liliane/Documents/Mestrado/Laboratório de Banco de Dados/labbd/db/prov/.mapi.sock?database=prov
2018-03-11 14:10:06 MSG merovingian[79050]: target connection is on local UNIX domain socket, passing on filedescriptor instead of proxying
2018-03-11 14:12:01 MSG merovingian[79050]: proxying client localhost:55637 for database 'prov' to mapi:monetdb:///Users/liliane/Documents/Mestrado/Laboratório de Banco de Dados/labbd/db/prov/.mapi.sock?database=prov
2018-03-11 14:12:01 MSG merovingian[79050]: target connection is on local UNIX domain socket, passing on filedescriptor instead of proxying
2018-03-11 14:12:07 MSG merovingian[79050]: proxying client localhost:55648 for database 'prov' to mapi:monetdb:///Users/liliane/Documents/Mestrado/Laboratório de Banco de Dados/labbd/db/prov/.mapi.sock?database=prov
2018-03-11 14:12:07 MSG merovingian[79050]: target connection is on local UNIX domain socket, passing on filedescriptor instead of proxying
2018-03-11 14:14:22 MSG merovingian[79050]: proxying client localhost:55687 for database 'prov' to mapi:monetdb:///Users/liliane/Documents/Mestrado/Laboratório de Banco de Dados/labbd/db/prov/.mapi.sock?database=prov
2018-03-11 14:14:22 MSG merovingian[79050]: target connection is on local UNIX domain socket, passing on filedescriptor instead of proxying
2018-03-11 14:14:27 MSG merovingian[79050]: proxying client localhost:55689 for database 'prov' to mapi:monetdb:///Users/liliane/Documents/Mestrado/Laboratório de Banco de Dados/labbd/db/prov/.mapi.sock?database=prov
2018-03-11 14:14:27 MSG merovingian[79050]: target connection is on local UNIX domain socket, passing on filedescriptor instead of proxying
2018-03-11 14:14:38 MSG merovingian[79050]: proxying client localhost:55698 for database 'prov' to mapi:monetdb:///Users/liliane/Documents/Mestrado/Laboratório de Banco de Dados/labbd/db/prov/.mapi.sock?database=prov
2018-03-11 14:14:38 MSG merovingian[79050]: target connection is on local UNIX domain socket, passing on filedescriptor instead of proxying
2018-03-11 14:16:49 MSG merovingian[79050]: proxying client localhost:55748 for database 'prov' to mapi:monetdb:///Users/liliane/Documents/Mestrado/Laboratório de Banco de Dados/labbd/db/prov/.mapi.sock?database=prov
2018-03-11 14:16:49 MSG merovingian[79050]: target connection is on local UNIX domain socket, passing on filedescriptor instead of proxying
2018-03-11 14:16:53 MSG merovingian[79050]: proxying client localhost:55758 for database 'prov' to mapi:monetdb:///Users/liliane/Documents/Mestrado/Laboratório de Banco de Dados/labbd/db/prov/.mapi.sock?database=prov
2018-03-11 14:16:53 MSG merovingian[79050]: target connection is on local UNIX domain socket, passing on filedescriptor instead of proxying
2018-03-11 14:18:50 MSG merovingian[79050]: proxying client localhost:55796 for database 'prov' to mapi:monetdb:///Users/liliane/Documents/Mestrado/Laboratório de Banco de Dados/labbd/db/prov/.mapi.sock?database=prov
2018-03-11 14:18:50 MSG merovingian[79050]: target connection is on local UNIX domain socket, passing on filedescriptor instead of proxying
2018-03-11 14:18:53 MSG merovingian[79050]: proxying client localhost:55806 for database 'prov' to mapi:monetdb:///Users/liliane/Documents/Mestrado/Laboratório de Banco de Dados/labbd/db/prov/.mapi.sock?database=prov
2018-03-11 14:18:53 MSG merovingian[79050]: target connection is on local UNIX domain socket, passing on filedescriptor instead of proxying
2018-03-11 14:32:54 MSG merovingian[79050]: proxying client localhost:56028 for database 'prov' to mapi:monetdb:///Users/liliane/Documents/Mestrado/Laboratório de Banco de Dados/labbd/db/prov/.mapi.sock?database=prov
2018-03-11 14:32:54 MSG merovingian[79050]: target connection is on local UNIX domain socket, passing on filedescriptor instead of proxying
2018-03-11 14:32:57 MSG merovingian[79050]: proxying client localhost:56038 for database 'prov' to mapi:monetdb:///Users/liliane/Documents/Mestrado/Laboratório de Banco de Dados/labbd/db/prov/.mapi.sock?database=prov
2018-03-11 14:32:57 MSG merovingian[79050]: target connection is on local UNIX domain socket, passing on filedescriptor instead of proxying
2018-03-11 14:48:00 MSG merovingian[79050]: proxying client localhost:56257 for database 'prov' to mapi:monetdb:///Users/liliane/Documents/Mestrado/Laboratório de Banco de Dados/labbd/db/prov/.mapi.sock?database=prov
2018-03-11 14:48:00 MSG merovingian[79050]: target connection is on local UNIX domain socket, passing on filedescriptor instead of proxying
2018-03-11 14:48:02 MSG merovingian[79050]: proxying client localhost:56267 for database 'prov' to mapi:monetdb:///Users/liliane/Documents/Mestrado/Laboratório de Banco de Dados/labbd/db/prov/.mapi.sock?database=prov
2018-03-11 14:48:02 MSG merovingian[79050]: target connection is on local UNIX domain socket, passing on filedescriptor instead of proxying
2018-03-11 14:50:43 MSG merovingian[79050]: proxying client localhost:56303 for database 'prov' to mapi:monetdb:///Users/liliane/Documents/Mestrado/Laboratório de Banco de Dados/labbd/db/prov/.mapi.sock?database=prov
2018-03-11 14:50:43 MSG merovingian[79050]: target connection is on local UNIX domain socket, passing on filedescriptor instead of proxying
2018-03-11 14:50:47 MSG merovingian[79050]: proxying client localhost:56313 for database 'prov' to mapi:monetdb:///Users/liliane/Documents/Mestrado/Laboratório de Banco de Dados/labbd/db/prov/.mapi.sock?database=prov
2018-03-11 14:50:47 MSG merovingian[79050]: target connection is on local UNIX domain socket, passing on filedescriptor instead of proxying
2018-03-11 14:52:33 MSG merovingian[79050]: proxying client localhost:56342 for database 'prov' to mapi:monetdb:///Users/liliane/Documents/Mestrado/Laboratório de Banco de Dados/labbd/db/prov/.mapi.sock?database=prov
2018-03-11 14:52:33 MSG merovingian[79050]: target connection is on local UNIX domain socket, passing on filedescriptor instead of proxying
2018-03-11 14:57:07 MSG merovingian[79050]: proxying client localhost:56362 for database 'prov' to mapi:monetdb:///Users/liliane/Documents/Mestrado/Laboratório de Banco de Dados/labbd/db/prov/.mapi.sock?database=prov
2018-03-11 14:57:07 MSG merovingian[79050]: target connection is on local UNIX domain socket, passing on filedescriptor instead of proxying
2018-03-11 14:57:17 MSG merovingian[79050]: proxying client localhost:56368 for database 'prov' to mapi:monetdb:///Users/liliane/Documents/Mestrado/Laboratório de Banco de Dados/labbd/db/prov/.mapi.sock?database=prov
2018-03-11 14:57:17 MSG merovingian[79050]: target connection is on local UNIX domain socket, passing on filedescriptor instead of proxying
2018-03-11 14:58:35 MSG merovingian[79050]: proxying client localhost:56387 for database 'prov' to mapi:monetdb:///Users/liliane/Documents/Mestrado/Laboratório de Banco de Dados/labbd/db/prov/.mapi.sock?database=prov
2018-03-11 14:58:35 MSG merovingian[79050]: target connection is on local UNIX domain socket, passing on filedescriptor instead of proxying
2018-03-11 14:59:32 MSG merovingian[79050]: proxying client localhost:56395 for database 'prov' to mapi:monetdb:///Users/liliane/Documents/Mestrado/Laboratório de Banco de Dados/labbd/db/prov/.mapi.sock?database=prov
2018-03-11 14:59:32 MSG merovingian[79050]: target connection is on local UNIX domain socket, passing on filedescriptor instead of proxying
2018-03-11 15:00:15 MSG merovingian[79050]: proxying client localhost:56401 for database 'prov' to mapi:monetdb:///Users/liliane/Documents/Mestrado/Laboratório de Banco de Dados/labbd/db/prov/.mapi.sock?database=prov
2018-03-11 15:00:15 MSG merovingian[79050]: target connection is on local UNIX domain socket, passing on filedescriptor instead of proxying
2018-03-11 15:00:34 MSG merovingian[79050]: proxying client localhost:56407 for database 'prov' to mapi:monetdb:///Users/liliane/Documents/Mestrado/Laboratório de Banco de Dados/labbd/db/prov/.mapi.sock?database=prov
2018-03-11 15:00:34 MSG merovingian[79050]: target connection is on local UNIX domain socket, passing on filedescriptor instead of proxying
2018-03-11 15:04:11 MSG merovingian[79050]: proxying client localhost:56425 for database 'prov' to mapi:monetdb:///Users/liliane/Documents/Mestrado/Laboratório de Banco de Dados/labbd/db/prov/.mapi.sock?database=prov
2018-03-11 15:04:11 MSG merovingian[79050]: target connection is on local UNIX domain socket, passing on filedescriptor instead of proxying
2018-03-11 15:04:15 MSG merovingian[79050]: proxying client localhost:56435 for database 'prov' to mapi:monetdb:///Users/liliane/Documents/Mestrado/Laboratório de Banco de Dados/labbd/db/prov/.mapi.sock?database=prov
2018-03-11 15:04:15 MSG merovingian[79050]: target connection is on local UNIX domain socket, passing on filedescriptor instead of proxying
2018-03-11 15:10:18 MSG merovingian[79050]: proxying client localhost:56489 for database 'prov' to mapi:monetdb:///Users/liliane/Documents/Mestrado/Laboratório de Banco de Dados/labbd/db/prov/.mapi.sock?database=prov
2018-03-11 15:10:18 MSG merovingian[79050]: target connection is on local UNIX domain socket, passing on filedescriptor instead of proxying
2018-03-11 15:10:19 MSG merovingian[79050]: proxying client localhost:56492 for database 'prov' to mapi:monetdb:///Users/liliane/Documents/Mestrado/Laboratório de Banco de Dados/labbd/db/prov/.mapi.sock?database=prov
2018-03-11 15:10:19 MSG merovingian[79050]: target connection is on local UNIX domain socket, passing on filedescriptor instead of proxying
2018-03-11 15:11:09 MSG merovingian[79050]: proxying client localhost:56502 for database 'prov' to mapi:monetdb:///Users/liliane/Documents/Mestrado/Laboratório de Banco de Dados/labbd/db/prov/.mapi.sock?database=prov
2018-03-11 15:11:09 MSG merovingian[79050]: target connection is on local UNIX domain socket, passing on filedescriptor instead of proxying
2018-03-11 15:18:33 MSG merovingian[79050]: proxying client localhost:56598 for database 'prov' to mapi:monetdb:///Users/liliane/Documents/Mestrado/Laboratório de Banco de Dados/labbd/db/prov/.mapi.sock?database=prov
2018-03-11 15:18:33 MSG merovingian[79050]: target connection is on local UNIX domain socket, passing on filedescriptor instead of proxying
2018-03-11 15:18:36 MSG merovingian[79050]: proxying client localhost:56606 for database 'prov' to mapi:monetdb:///Users/liliane/Documents/Mestrado/Laboratório de Banco de Dados/labbd/db/prov/.mapi.sock?database=prov
2018-03-11 15:18:36 MSG merovingian[79050]: target connection is on local UNIX domain socket, passing on filedescriptor instead of proxying
2018-03-11 15:20:45 MSG merovingian[79050]: proxying client localhost:56634 for database 'prov' to mapi:monetdb:///Users/liliane/Documents/Mestrado/Laboratório de Banco de Dados/labbd/db/prov/.mapi.sock?database=prov
2018-03-11 15:20:45 MSG merovingian[79050]: target connection is on local UNIX domain socket, passing on filedescriptor instead of proxying
2018-03-11 15:25:00 MSG merovingian[79050]: proxying client localhost:56683 for database 'prov' to mapi:monetdb:///Users/liliane/Documents/Mestrado/Laboratório de Banco de Dados/labbd/db/prov/.mapi.sock?database=prov
2018-03-11 15:25:00 MSG merovingian[79050]: target connection is on local UNIX domain socket, passing on filedescriptor instead of proxying
2018-03-11 15:25:07 MSG merovingian[79050]: proxying client localhost:56693 for database 'prov' to mapi:monetdb:///Users/liliane/Documents/Mestrado/Laboratório de Banco de Dados/labbd/db/prov/.mapi.sock?database=prov
2018-03-11 15:25:07 MSG merovingian[79050]: target connection is on local UNIX domain socket, passing on filedescriptor instead of proxying
2018-03-11 15:28:55 MSG merovingian[79050]: proxying client localhost:56758 for database 'prov' to mapi:monetdb:///Users/liliane/Documents/Mestrado/Laboratório de Banco de Dados/labbd/db/prov/.mapi.sock?database=prov
2018-03-11 15:28:55 MSG merovingian[79050]: target connection is on local UNIX domain socket, passing on filedescriptor instead of proxying
2018-03-11 15:38:56 MSG merovingian[79050]: proxying client localhost:56819 for database 'prov' to mapi:monetdb:///Users/liliane/Documents/Mestrado/Laboratório de Banco de Dados/labbd/db/prov/.mapi.sock?database=prov
2018-03-11 15:38:56 MSG merovingian[79050]: target connection is on local UNIX domain socket, passing on filedescriptor instead of proxying
2018-03-11 15:39:35 MSG merovingian[79050]: proxying client localhost:56842 for database 'prov' to mapi:monetdb:///Users/liliane/Documents/Mestrado/Laboratório de Banco de Dados/labbd/db/prov/.mapi.sock?database=prov
2018-03-11 15:39:35 MSG merovingian[79050]: target connection is on local UNIX domain socket, passing on filedescriptor instead of proxying
2018-03-11 15:40:16 MSG merovingian[79050]: proxying client localhost:56860 for database 'prov' to mapi:monetdb:///Users/liliane/Documents/Mestrado/Laboratório de Banco de Dados/labbd/db/prov/.mapi.sock?database=prov
2018-03-11 15:40:16 MSG merovingian[79050]: target connection is on local UNIX domain socket, passing on filedescriptor instead of proxying
2018-03-11 15:41:01 MSG merovingian[79050]: proxying client localhost:56874 for database 'prov' to mapi:monetdb:///Users/liliane/Documents/Mestrado/Laboratório de Banco de Dados/labbd/db/prov/.mapi.sock?database=prov
2018-03-11 15:41:01 MSG merovingian[79050]: target connection is on local UNIX domain socket, passing on filedescriptor instead of proxying
2018-03-11 15:42:08 MSG merovingian[79050]: proxying client localhost:56895 for database 'prov' to mapi:monetdb:///Users/liliane/Documents/Mestrado/Laboratório de Banco de Dados/labbd/db/prov/.mapi.sock?database=prov
2018-03-11 15:42:08 MSG merovingian[79050]: target connection is on local UNIX domain socket, passing on filedescriptor instead of proxying
2018-03-11 15:48:27 MSG merovingian[79050]: proxying client localhost:56946 for database 'prov' to mapi:monetdb:///Users/liliane/Documents/Mestrado/Laboratório de Banco de Dados/labbd/db/prov/.mapi.sock?database=prov
2018-03-11 15:48:27 MSG merovingian[79050]: target connection is on local UNIX domain socket, passing on filedescriptor instead of proxying
2018-03-11 15:50:14 MSG merovingian[79050]: proxying client localhost:56973 for database 'prov' to mapi:monetdb:///Users/liliane/Documents/Mestrado/Laboratório de Banco de Dados/labbd/db/prov/.mapi.sock?database=prov
2018-03-11 15:50:14 MSG merovingian[79050]: target connection is on local UNIX domain socket, passing on filedescriptor instead of proxying
2018-03-11 15:50:24 MSG merovingian[79050]: proxying client localhost:56986 for database 'prov' to mapi:monetdb:///Users/liliane/Documents/Mestrado/Laboratório de Banco de Dados/labbd/db/prov/.mapi.sock?database=prov
2018-03-11 15:50:24 MSG merovingian[79050]: target connection is on local UNIX domain socket, passing on filedescriptor instead of proxying
2018-03-11 15:51:29 MSG merovingian[79050]: proxying client localhost:56998 for database 'prov' to mapi:monetdb:///Users/liliane/Documents/Mestrado/Laboratório de Banco de Dados/labbd/db/prov/.mapi.sock?database=prov
2018-03-11 15:51:29 MSG merovingian[79050]: target connection is on local UNIX domain socket, passing on filedescriptor instead of proxying
2018-03-11 15:51:45 MSG merovingian[79050]: proxying client localhost:57014 for database 'prov' to mapi:monetdb:///Users/liliane/Documents/Mestrado/Laboratório de Banco de Dados/labbd/db/prov/.mapi.sock?database=prov
2018-03-11 15:51:45 MSG merovingian[79050]: target connection is on local UNIX domain socket, passing on filedescriptor instead of proxying
2018-03-11 16:21:13 MSG merovingian[79050]: proxying client localhost:57576 for database 'prov' to mapi:monetdb:///Users/liliane/Documents/Mestrado/Laboratório de Banco de Dados/labbd/db/prov/.mapi.sock?database=prov
2018-03-11 16:21:13 MSG merovingian[79050]: target connection is on local UNIX domain socket, passing on filedescriptor instead of proxying
2018-03-11 16:21:22 MSG merovingian[79050]: proxying client localhost:57586 for database 'prov' to mapi:monetdb:///Users/liliane/Documents/Mestrado/Laboratório de Banco de Dados/labbd/db/prov/.mapi.sock?database=prov
2018-03-11 16:21:22 MSG merovingian[79050]: target connection is on local UNIX domain socket, passing on filedescriptor instead of proxying
2018-03-11 16:22:30 MSG merovingian[79050]: proxying client localhost:57601 for database 'prov' to mapi:monetdb:///Users/liliane/Documents/Mestrado/Laboratório de Banco de Dados/labbd/db/prov/.mapi.sock?database=prov
2018-03-11 16:22:30 MSG merovingian[79050]: target connection is on local UNIX domain socket, passing on filedescriptor instead of proxying
2018-03-11 16:37:57 MSG merovingian[79050]: proxying client localhost:57784 for database 'prov' to mapi:monetdb:///Users/liliane/Documents/Mestrado/Laboratório de Banco de Dados/labbd/db/prov/.mapi.sock?database=prov
2018-03-11 16:37:57 MSG merovingian[79050]: target connection is on local UNIX domain socket, passing on filedescriptor instead of proxying
2018-03-11 16:38:25 MSG merovingian[79050]: proxying client localhost:57799 for database 'prov' to mapi:monetdb:///Users/liliane/Documents/Mestrado/Laboratório de Banco de Dados/labbd/db/prov/.mapi.sock?database=prov
2018-03-11 16:38:25 MSG merovingian[79050]: target connection is on local UNIX domain socket, passing on filedescriptor instead of proxying
2018-03-11 16:39:15 MSG merovingian[79050]: proxying client localhost:57821 for database 'prov' to mapi:monetdb:///Users/liliane/Documents/Mestrado/Laboratório de Banco de Dados/labbd/db/prov/.mapi.sock?database=prov
2018-03-11 16:39:15 MSG merovingian[79050]: target connection is on local UNIX domain socket, passing on filedescriptor instead of proxying
2018-03-11 16:39:22 MSG merovingian[79050]: proxying client localhost:57831 for database 'prov' to mapi:monetdb:///Users/liliane/Documents/Mestrado/Laboratório de Banco de Dados/labbd/db/prov/.mapi.sock?database=prov
2018-03-11 16:39:22 MSG merovingian[79050]: target connection is on local UNIX domain socket, passing on filedescriptor instead of proxying
2018-03-11 16:42:59 MSG merovingian[79050]: proxying client localhost:57898 for database 'prov' to mapi:monetdb:///Users/liliane/Documents/Mestrado/Laboratório de Banco de Dados/labbd/db/prov/.mapi.sock?database=prov
2018-03-11 16:42:59 MSG merovingian[79050]: target connection is on local UNIX domain socket, passing on filedescriptor instead of proxying
2018-03-11 16:43:11 MSG merovingian[79050]: proxying client localhost:57908 for database 'prov' to mapi:monetdb:///Users/liliane/Documents/Mestrado/Laboratório de Banco de Dados/labbd/db/prov/.mapi.sock?database=prov
2018-03-11 16:43:11 MSG merovingian[79050]: target connection is on local UNIX domain socket, passing on filedescriptor instead of proxying
2018-03-11 16:52:23 MSG merovingian[79050]: proxying client localhost:58122 for database 'prov' to mapi:monetdb:///Users/liliane/Documents/Mestrado/Laboratório de Banco de Dados/labbd/db/prov/.mapi.sock?database=prov
2018-03-11 16:52:23 MSG merovingian[79050]: target connection is on local UNIX domain socket, passing on filedescriptor instead of proxying
2018-03-11 16:52:32 MSG merovingian[79050]: proxying client localhost:58132 for database 'prov' to mapi:monetdb:///Users/liliane/Documents/Mestrado/Laboratório de Banco de Dados/labbd/db/prov/.mapi.sock?database=prov
2018-03-11 16:52:32 MSG merovingian[79050]: target connection is on local UNIX domain socket, passing on filedescriptor instead of proxying
2018-03-11 16:54:07 MSG merovingian[79050]: proxying client localhost:58168 for database 'prov' to mapi:monetdb:///Users/liliane/Documents/Mestrado/Laboratório de Banco de Dados/labbd/db/prov/.mapi.sock?database=prov
2018-03-11 16:54:07 MSG merovingian[79050]: target connection is on local UNIX domain socket, passing on filedescriptor instead of proxying
2018-03-11 16:54:31 MSG merovingian[79050]: proxying client localhost:58175 for database 'prov' to mapi:monetdb:///Users/liliane/Documents/Mestrado/Laboratório de Banco de Dados/labbd/db/prov/.mapi.sock?database=prov
2018-03-11 16:54:31 MSG merovingian[79050]: target connection is on local UNIX domain socket, passing on filedescriptor instead of proxying
2018-03-11 16:54:44 MSG merovingian[79050]: proxying client localhost:58178 for database 'prov' to mapi:monetdb:///Users/liliane/Documents/Mestrado/Laboratório de Banco de Dados/labbd/db/prov/.mapi.sock?database=prov
2018-03-11 16:54:44 MSG merovingian[79050]: target connection is on local UNIX domain socket, passing on filedescriptor instead of proxying
2018-03-11 16:54:46 MSG merovingian[79050]: proxying client localhost:58180 for database 'prov' to mapi:monetdb:///Users/liliane/Documents/Mestrado/Laboratório de Banco de Dados/labbd/db/prov/.mapi.sock?database=prov
2018-03-11 16:54:46 MSG merovingian[79050]: target connection is on local UNIX domain socket, passing on filedescriptor instead of proxying
2018-03-11 16:58:08 MSG merovingian[79050]: proxying client localhost:58273 for database 'prov' to mapi:monetdb:///Users/liliane/Documents/Mestrado/Laboratório de Banco de Dados/labbd/db/prov/.mapi.sock?database=prov
2018-03-11 16:58:08 MSG merovingian[79050]: target connection is on local UNIX domain socket, passing on filedescriptor instead of proxying
2018-03-11 22:46:20 ERR discovery[79050]: error while sending broadcast message: Network is down
2018-03-12 00:36:50 ERR discovery[79050]: error while sending broadcast message: Network is down
2018-03-12 03:39:19 ERR discovery[79050]: error while sending broadcast message: Network is down
2018-03-12 05:59:55 ERR discovery[79050]: error while sending broadcast message: Network is down
2018-03-12 07:53:32 ERR discovery[79050]: error while sending broadcast message: Network is down
2018-03-12 10:10:59 ERR discovery[79050]: error while sending broadcast message: Network is down
2018-03-12 11:59:53 ERR discovery[79050]: error while sending broadcast message: Network is down
2018-03-12 14:19:07 ERR discovery[79050]: error while sending broadcast message: Network is down
2018-03-12 18:30:39 ERR discovery[79050]: error while sending broadcast message: Network is down
2018-03-12 20:18:48 ERR discovery[79050]: error while sending broadcast message: Network is down
2018-03-12 22:54:40 ERR discovery[79050]: error while sending broadcast message: Network is down
2018-03-13 01:33:42 ERR discovery[79050]: error while sending broadcast message: Network is down
2018-03-13 03:16:09 ERR discovery[79050]: error while sending broadcast message: Network is down
2018-03-13 04:04:29 ERR discovery[79050]: error while sending broadcast message: Network is unreachable
2018-03-13 05:02:22 ERR discovery[79050]: error while sending broadcast message: Network is down
2018-03-13 06:55:50 ERR discovery[79050]: error while sending broadcast message: Network is down
2018-03-13 09:27:54 ERR discovery[79050]: error while sending broadcast message: Network is down
2018-03-13 14:22:14 ERR discovery[79050]: error while sending broadcast message: Network is down
2018-03-13 17:10:58 ERR discovery[79050]: error while sending broadcast message: Network is down
2018-03-13 18:57:49 ERR discovery[79050]: error while sending broadcast message: Network is down
2018-03-14 01:01:03 ERR discovery[79050]: error while sending broadcast message: Network is down
2018-03-14 04:22:07 ERR discovery[79050]: error while sending broadcast message: Network is down
2018-03-14 08:34:22 ERR discovery[79050]: error while sending broadcast message: Network is down
2018-03-14 11:40:10 ERR discovery[79050]: error while sending broadcast message: Network is unreachable
2018-03-14 12:50:39 ERR discovery[79050]: error while sending broadcast message: Network is down
2018-03-14 15:24:23 ERR discovery[79050]: error while sending broadcast message: Network is down
2018-03-14 17:10:43 ERR discovery[79050]: error while sending broadcast message: Network is down
2018-03-14 20:12:15 ERR discovery[79050]: error while sending broadcast message: Network is down
2018-03-15 00:12:54 ERR discovery[79050]: error while sending broadcast message: Network is down
2018-03-15 01:00:50 ERR discovery[79050]: error while sending broadcast message: Network is down
2018-03-15 03:29:29 ERR discovery[79050]: error while sending broadcast message: Network is down
2018-03-15 04:04:39 ERR discovery[79050]: error while sending broadcast message: Network is down
2018-03-15 05:03:56 ERR discovery[79050]: error while sending broadcast message: Network is down
2018-03-15 06:50:50 ERR discovery[79050]: error while sending broadcast message: Network is down
2018-03-15 07:40:10 ERR discovery[79050]: error while sending broadcast message: Network is down
2018-03-15 09:08:06 ERR discovery[79050]: error while sending broadcast message: Network is unreachable
2018-03-15 09:46:43 ERR discovery[79050]: error while sending broadcast message: Network is down
2018-03-15 11:44:54 ERR discovery[79050]: error while sending broadcast message: Network is down
2018-03-15 13:30:38 ERR discovery[79050]: error while sending broadcast message: Network is down
2018-03-15 16:25:32 ERR discovery[79050]: error while sending broadcast message: Network is down
2018-03-15 18:06:19 ERR discovery[79050]: error while sending broadcast message: Network is down
2018-03-15 19:32:05 MSG merovingian[79050]: proxying client localhost:53498 for database 'prov' to mapi:monetdb:///Users/liliane/Documents/Mestrado/Laboratório de Banco de Dados/labbd/db/prov/.mapi.sock?database=prov
2018-03-15 19:32:05 MSG merovingian[79050]: target connection is on local UNIX domain socket, passing on filedescriptor instead of proxying
2018-03-15 19:32:20 MSG merovingian[79050]: proxying client localhost:53514 for database 'prov' to mapi:monetdb:///Users/liliane/Documents/Mestrado/Laboratório de Banco de Dados/labbd/db/prov/.mapi.sock?database=prov
2018-03-15 19:32:20 MSG merovingian[79050]: target connection is on local UNIX domain socket, passing on filedescriptor instead of proxying
2018-03-15 19:47:54 MSG merovingian[79050]: proxying client localhost:53949 for database 'prov' to mapi:monetdb:///Users/liliane/Documents/Mestrado/Laboratório de Banco de Dados/labbd/db/prov/.mapi.sock?database=prov
2018-03-15 19:47:54 MSG merovingian[79050]: target connection is on local UNIX domain socket, passing on filedescriptor instead of proxying
2018-03-15 19:49:19 MSG merovingian[79050]: proxying client localhost:54036 for database 'prov' to mapi:monetdb:///Users/liliane/Documents/Mestrado/Laboratório de Banco de Dados/labbd/db/prov/.mapi.sock?database=prov
2018-03-15 19:49:19 MSG merovingian[79050]: target connection is on local UNIX domain socket, passing on filedescriptor instead of proxying
2018-03-15 19:49:50 MSG merovingian[79050]: proxying client localhost:54069 for database 'prov' to mapi:monetdb:///Users/liliane/Documents/Mestrado/Laboratório de Banco de Dados/labbd/db/prov/.mapi.sock?database=prov
2018-03-15 19:49:50 MSG merovingian[79050]: target connection is on local UNIX domain socket, passing on filedescriptor instead of proxying
2018-03-15 19:52:07 MSG merovingian[79050]: proxying client localhost:54141 for database 'prov' to mapi:monetdb:///Users/liliane/Documents/Mestrado/Laboratório de Banco de Dados/labbd/db/prov/.mapi.sock?database=prov
2018-03-15 19:52:07 MSG merovingian[79050]: target connection is on local UNIX domain socket, passing on filedescriptor instead of proxying
2018-03-15 20:01:31 MSG merovingian[79050]: proxying client localhost:54530 for database 'prov' to mapi:monetdb:///Users/liliane/Documents/Mestrado/Laboratório de Banco de Dados/labbd/db/prov/.mapi.sock?database=prov
2018-03-15 20:01:31 MSG merovingian[79050]: target connection is on local UNIX domain socket, passing on filedescriptor instead of proxying
2018-03-15 20:29:45 MSG merovingian[79050]: proxying client localhost:55052 for database 'prov' to mapi:monetdb:///Users/liliane/Documents/Mestrado/Laboratório de Banco de Dados/labbd/db/prov/.mapi.sock?database=prov
2018-03-15 20:29:45 MSG merovingian[79050]: target connection is on local UNIX domain socket, passing on filedescriptor instead of proxying
2018-03-15 20:44:19 MSG merovingian[79050]: proxying client localhost:55425 for database 'prov' to mapi:monetdb:///Users/liliane/Documents/Mestrado/Laboratório de Banco de Dados/labbd/db/prov/.mapi.sock?database=prov
2018-03-15 20:44:19 MSG merovingian[79050]: target connection is on local UNIX domain socket, passing on filedescriptor instead of proxying
2018-03-15 21:10:23 MSG merovingian[79050]: proxying client localhost:55990 for database 'prov' to mapi:monetdb:///Users/liliane/Documents/Mestrado/Laboratório de Banco de Dados/labbd/db/prov/.mapi.sock?database=prov
2018-03-15 21:10:23 MSG merovingian[79050]: target connection is on local UNIX domain socket, passing on filedescriptor instead of proxying
2018-03-15 21:11:46 MSG merovingian[79050]: proxying client localhost:56079 for database 'prov' to mapi:monetdb:///Users/liliane/Documents/Mestrado/Laboratório de Banco de Dados/labbd/db/prov/.mapi.sock?database=prov
2018-03-15 21:11:46 MSG merovingian[79050]: target connection is on local UNIX domain socket, passing on filedescriptor instead of proxying
2018-03-15 21:14:39 MSG merovingian[79050]: proxying client localhost:56261 for database 'prov' to mapi:monetdb:///Users/liliane/Documents/Mestrado/Laboratório de Banco de Dados/labbd/db/prov/.mapi.sock?database=prov
2018-03-15 21:14:39 MSG merovingian[79050]: target connection is on local UNIX domain socket, passing on filedescriptor instead of proxying
2018-03-15 21:56:56 ERR discovery[79050]: error while sending broadcast message: Network is unreachable
2018-03-15 22:20:23 ERR discovery[79050]: error while sending broadcast message: Network is unreachable
2018-03-15 22:34:27 ERR discovery[79050]: error while sending broadcast message: Network is down
2018-03-16 00:53:28 ERR discovery[79050]: error while sending broadcast message: Network is down
2018-03-16 02:40:09 ERR discovery[79050]: error while sending broadcast message: Network is down
2018-03-16 05:18:55 ERR discovery[79050]: error while sending broadcast message: Network is down
2018-03-16 07:52:33 ERR discovery[79050]: error while sending broadcast message: Network is down
2018-03-16 10:02:03 ERR discovery[79050]: error while sending broadcast message: Network is down
2018-03-16 12:54:42 ERR discovery[79050]: error while sending broadcast message: Network is down
2018-03-16 16:57:36 ERR discovery[79050]: error while sending broadcast message: Network is down
2018-03-16 19:17:56 ERR discovery[79050]: error while sending broadcast message: Network is down
2018-03-16 21:34:09 ERR discovery[79050]: error while sending broadcast message: Network is down
2018-03-16 23:21:41 ERR discovery[79050]: error while sending broadcast message: Network is down
2018-03-17 01:16:27 ERR discovery[79050]: error while sending broadcast message: Network is down
2018-03-17 03:48:19 ERR discovery[79050]: error while sending broadcast message: Network is down
2018-03-17 05:29:09 ERR discovery[79050]: error while sending broadcast message: Network is down
2018-03-17 07:16:57 ERR discovery[79050]: error while sending broadcast message: Network is down
2018-03-17 08:55:13 ERR discovery[79050]: error while sending broadcast message: Network is down
2018-03-17 11:12:46 ERR discovery[79050]: error while sending broadcast message: Network is down
2018-03-17 13:11:21 ERR discovery[79050]: error while sending broadcast message: Network is down
2018-03-17 15:39:07 ERR discovery[79050]: error while sending broadcast message: Network is down
2018-03-17 18:06:10 MSG merovingian[79050]: proxying client localhost:62187 for database 'prov' to mapi:monetdb:///Users/liliane/Documents/Mestrado/Laboratório de Banco de Dados/labbd/db/prov/.mapi.sock?database=prov
2018-03-17 18:06:10 MSG merovingian[79050]: target connection is on local UNIX domain socket, passing on filedescriptor instead of proxying
2018-03-17 18:10:02 MSG merovingian[79050]: proxying client localhost:62433 for database 'prov' to mapi:monetdb:///Users/liliane/Documents/Mestrado/Laboratório de Banco de Dados/labbd/db/prov/.mapi.sock?database=prov
2018-03-17 18:10:02 MSG merovingian[79050]: target connection is on local UNIX domain socket, passing on filedescriptor instead of proxying
2018-03-17 18:29:23 MSG merovingian[79050]: proxying client localhost:62806 for database 'prov' to mapi:monetdb:///Users/liliane/Documents/Mestrado/Laboratório de Banco de Dados/labbd/db/prov/.mapi.sock?database=prov
2018-03-17 18:29:23 MSG merovingian[79050]: target connection is on local UNIX domain socket, passing on filedescriptor instead of proxying
2018-03-17 19:25:20 ERR discovery[79050]: error while sending broadcast message: Network is down
2018-03-17 21:10:58 MSG merovingian[79050]: proxying client localhost:63282 for database 'prov' to mapi:monetdb:///Users/liliane/Documents/Mestrado/Laboratório de Banco de Dados/labbd/db/prov/.mapi.sock?database=prov
2018-03-17 21:10:58 MSG merovingian[79050]: target connection is on local UNIX domain socket, passing on filedescriptor instead of proxying
2018-03-17 21:15:16 MSG merovingian[79050]: proxying client localhost:63518 for database 'prov' to mapi:monetdb:///Users/liliane/Documents/Mestrado/Laboratório de Banco de Dados/labbd/db/prov/.mapi.sock?database=prov
2018-03-17 21:15:16 MSG merovingian[79050]: target connection is on local UNIX domain socket, passing on filedescriptor instead of proxying
2018-03-18 14:08:39 ERR discovery[79050]: error while sending broadcast message: Network is unreachable
2018-03-18 14:12:03 MSG merovingian[79050]: proxying client localhost:64492 for database 'prov' to mapi:monetdb:///Users/liliane/Documents/Mestrado/Laboratório de Banco de Dados/labbd/db/prov/.mapi.sock?database=prov
2018-03-18 14:12:03 MSG merovingian[79050]: target connection is on local UNIX domain socket, passing on filedescriptor instead of proxying
2018-03-18 16:23:03 ERR discovery[79050]: error while sending broadcast message: Network is down
2018-03-18 20:57:58 ERR discovery[79050]: error while sending broadcast message: Network is down
2018-03-18 22:47:31 ERR discovery[79050]: error while sending broadcast message: Network is down
2018-03-19 01:45:44 ERR discovery[79050]: error while sending broadcast message: Network is down
2018-03-19 03:58:36 ERR discovery[79050]: error while sending broadcast message: Network is down
2018-03-19 06:48:02 ERR discovery[79050]: error while sending broadcast message: Network is down
2018-03-19 09:51:07 ERR discovery[79050]: error while sending broadcast message: Network is down
2018-03-19 12:03:12 ERR discovery[79050]: error while sending broadcast message: Network is down
2018-03-19 16:14:24 ERR discovery[79050]: error while sending broadcast message: Network is down
2018-03-19 17:47:44 ERR discovery[79050]: error while sending broadcast message: Network is unreachable
2018-03-19 18:06:06 ERR discovery[79050]: error while sending broadcast message: Network is down
2018-03-19 19:28:13 MSG merovingian[79050]: proxying client localhost:51455 for database 'prov' to mapi:monetdb:///Users/liliane/Documents/Mestrado/Laboratório de Banco de Dados/labbd/db/prov/.mapi.sock?database=prov
2018-03-19 19:28:13 MSG merovingian[79050]: target connection is on local UNIX domain socket, passing on filedescriptor instead of proxying
2018-03-19 21:26:27 MSG merovingian[79050]: proxying client localhost:52850 for database 'prov' to mapi:monetdb:///Users/liliane/Documents/Mestrado/Laboratório de Banco de Dados/labbd/db/prov/.mapi.sock?database=prov
2018-03-19 21:26:27 MSG merovingian[79050]: target connection is on local UNIX domain socket, passing on filedescriptor instead of proxying
2018-03-20 01:56:42 ERR discovery[79050]: error while sending broadcast message: Network is down
2018-03-20 03:30:27 ERR discovery[79050]: error while sending broadcast message: Network is down
2018-03-20 07:40:21 ERR discovery[79050]: error while sending broadcast message: Network is down
2018-03-20 10:11:34 ERR discovery[79050]: error while sending broadcast message: Network is down
2018-03-20 12:44:35 ERR discovery[79050]: error while sending broadcast message: Network is down
2018-03-20 14:45:48 ERR discovery[79050]: error while sending broadcast message: Network is down
2018-03-20 16:08:37 ERR discovery[79050]: error while sending broadcast message: Network is down
2018-03-20 18:15:25 ERR discovery[79050]: error while sending broadcast message: Network is down
2018-03-20 21:20:14 ERR discovery[79050]: error while sending broadcast message: Network is down
2018-03-20 22:56:04 ERR discovery[79050]: error while sending broadcast message: Network is down
2018-03-21 01:49:41 ERR discovery[79050]: error while sending broadcast message: Network is down
2018-03-21 04:33:01 ERR discovery[79050]: error while sending broadcast message: Network is down
2018-03-21 06:52:35 ERR discovery[79050]: error while sending broadcast message: Network is down
2018-03-21 09:36:03 ERR discovery[79050]: error while sending broadcast message: Network is down
2018-03-21 11:22:39 ERR discovery[79050]: error while sending broadcast message: Network is down
2018-03-21 14:10:03 ERR discovery[79050]: error while sending broadcast message: Network is down
2018-03-21 17:35:01 ERR discovery[79050]: error while sending broadcast message: Network is down
2018-03-21 18:44:05 MSG merovingian[79050]: proxying client localhost:58109 for database 'prov' to mapi:monetdb:///Users/liliane/Documents/Mestrado/Laboratório de Banco de Dados/labbd/db/prov/.mapi.sock?database=prov
2018-03-21 18:44:05 MSG merovingian[79050]: target connection is on local UNIX domain socket, passing on filedescriptor instead of proxying
2018-03-21 18:50:44 MSG merovingian[79050]: proxying client localhost:58502 for database 'prov' to mapi:monetdb:///Users/liliane/Documents/Mestrado/Laboratório de Banco de Dados/labbd/db/prov/.mapi.sock?database=prov
2018-03-21 18:50:44 MSG merovingian[79050]: target connection is on local UNIX domain socket, passing on filedescriptor instead of proxying
2018-03-21 18:56:33 MSG merovingian[79050]: proxying client localhost:58800 for database 'prov' to mapi:monetdb:///Users/liliane/Documents/Mestrado/Laboratório de Banco de Dados/labbd/db/prov/.mapi.sock?database=prov
2018-03-21 18:56:33 MSG merovingian[79050]: target connection is on local UNIX domain socket, passing on filedescriptor instead of proxying
2018-03-22 07:52:26 ERR discovery[79050]: error while sending broadcast message: Network is unreachable
2018-03-22 09:21:04 ERR discovery[79050]: error while sending broadcast message: Network is down
2018-03-22 12:52:08 ERR discovery[79050]: error while sending broadcast message: Network is unreachable
2018-03-22 13:51:19 ERR discovery[79050]: error while sending broadcast message: Network is down
2018-03-22 14:38:31 ERR discovery[79050]: error while sending broadcast message: Network is down
2018-03-22 15:31:20 ERR discovery[79050]: error while sending broadcast message: Network is unreachable
2018-03-22 16:22:53 MSG merovingian[79050]: proxying client localhost:52330 for database 'prov' to mapi:monetdb:///Users/liliane/Documents/Mestrado/Laboratório de Banco de Dados/labbd/db/prov/.mapi.sock?database=prov
2018-03-22 16:22:53 MSG merovingian[79050]: target connection is on local UNIX domain socket, passing on filedescriptor instead of proxying
2018-03-22 16:25:32 MSG merovingian[79050]: proxying client localhost:52740 for database 'prov' to mapi:monetdb:///Users/liliane/Documents/Mestrado/Laboratório de Banco de Dados/labbd/db/prov/.mapi.sock?database=prov
2018-03-22 16:25:32 MSG merovingian[79050]: target connection is on local UNIX domain socket, passing on filedescriptor instead of proxying
2018-03-22 21:30:33 ERR discovery[79050]: error while sending broadcast message: Network is down
2018-03-23 06:44:52 ERR discovery[79050]: error while sending broadcast message: Network is unreachable
2018-03-23 07:10:31 ERR discovery[79050]: error while sending broadcast message: Network is down
2018-03-23 08:19:49 ERR discovery[79050]: error while sending broadcast message: Network is down
2018-03-23 11:17:36 ERR discovery[79050]: error while sending broadcast message: Network is down
2018-03-23 14:05:21 ERR discovery[79050]: error while sending broadcast message: Network is down
2018-03-23 15:40:26 ERR discovery[79050]: error while sending broadcast message: Network is down
2018-03-23 17:55:18 ERR discovery[79050]: error while sending broadcast message: Network is down
2018-03-23 21:55:05 ERR discovery[79050]: error while sending broadcast message: Network is down
2018-03-24 00:13:04 ERR discovery[79050]: error while sending broadcast message: Network is down
2018-03-24 02:57:58 ERR discovery[79050]: error while sending broadcast message: Network is down
2018-03-24 04:08:10 ERR discovery[79050]: error while sending broadcast message: Network is down
2018-03-24 05:47:58 ERR discovery[79050]: error while sending broadcast message: Network is down
2018-03-24 08:04:20 ERR discovery[79050]: error while sending broadcast message: Network is down
2018-03-24 11:06:42 ERR discovery[79050]: error while sending broadcast message: Network is down
2018-03-24 19:19:30 ERR discovery[79050]: error while sending broadcast message: Network is down
2018-03-24 20:34:50 ERR discovery[79050]: error while sending broadcast message: Network is down
2018-03-24 23:00:25 ERR discovery[79050]: error while sending broadcast message: Network is down
2018-03-24 23:18:40 ERR discovery[79050]: error while sending broadcast message: Network is down
2018-03-25 02:01:00 ERR discovery[79050]: error while sending broadcast message: Network is down
2018-03-25 04:25:22 ERR discovery[79050]: error while sending broadcast message: Network is down
2018-03-25 04:36:05 ERR discovery[79050]: error while sending broadcast message: Network is unreachable
2018-03-25 06:05:27 ERR discovery[79050]: error while sending broadcast message: Network is down
2018-03-25 08:22:38 ERR discovery[79050]: error while sending broadcast message: Network is down
2018-03-25 11:09:21 ERR discovery[79050]: error while sending broadcast message: Network is down
2018-03-25 16:18:00 ERR discovery[79050]: error while sending broadcast message: Network is unreachable
2018-03-25 22:10:45 ERR discovery[79050]: error while sending broadcast message: Network is unreachable
2018-03-26 08:29:32 ERR discovery[79050]: error while sending broadcast message: Network is down
2018-03-27 23:24:36 ERR discovery[79050]: error while sending broadcast message: Network is unreachable
2018-03-28 03:07:13 ERR discovery[79050]: error while sending broadcast message: Network is unreachable
2018-03-28 21:47:56 ERR discovery[79050]: error while sending broadcast message: Network is unreachable
2018-03-28 22:00:42 ERR discovery[79050]: error while sending broadcast message: Network is down
2018-03-28 23:32:46 ERR discovery[79050]: error while sending broadcast message: Network is down
2018-03-29 09:02:26 ERR discovery[79050]: error while sending broadcast message: Network is unreachable
2018-03-29 11:01:29 ERR discovery[79050]: error while sending broadcast message: Network is unreachable
2018-03-29 18:21:11 ERR discovery[79050]: error while sending broadcast message: Network is unreachable
2018-03-29 21:46:04 ERR discovery[79050]: error while sending broadcast message: Network is unreachable
2018-03-29 22:25:54 ERR discovery[79050]: error while sending broadcast message: Network is down
2018-03-29 23:31:05 ERR discovery[79050]: error while sending broadcast message: Network is unreachable
2018-03-30 09:00:44 ERR discovery[79050]: error while sending broadcast message: Network is unreachable
2018-03-30 10:33:26 ERR discovery[79050]: error while sending broadcast message: Network is unreachable
2018-03-30 19:27:51 ERR discovery[79050]: error while sending broadcast message: Network is unreachable
2018-03-30 22:24:58 ERR discovery[79050]: error while sending broadcast message: Network is down
2018-03-30 22:58:00 ERR discovery[79050]: error while sending broadcast message: Network is down
2018-03-31 00:00:34 ERR discovery[79050]: error while sending broadcast message: Network is down
2018-03-31 02:04:17 ERR discovery[79050]: error while sending broadcast message: Network is down
2018-03-31 04:13:02 ERR discovery[79050]: error while sending broadcast message: Network is down
2018-03-31 05:50:49 ERR discovery[79050]: error while sending broadcast message: Network is down
2018-03-31 22:05:18 ERR discovery[79050]: error while sending broadcast message: Network is unreachable
2018-04-01 13:19:25 ERR discovery[79050]: error while sending broadcast message: Network is unreachable
2018-04-02 19:37:23 ERR discovery[79050]: error while sending broadcast message: Network is unreachable
2018-04-02 21:27:28 ERR discovery[79050]: error while sending broadcast message: Can't assign requested address
2018-04-02 23:30:21 ERR discovery[79050]: error while sending broadcast message: Network is unreachable
2018-04-03 08:40:45 ERR discovery[79050]: error while sending broadcast message: Network is unreachable
2018-04-03 08:59:48 ERR discovery[79050]: error while sending broadcast message: Can't assign requested address
2018-04-03 10:17:13 ERR discovery[79050]: error while sending broadcast message: Network is down
2018-04-03 12:58:00 ERR discovery[79050]: error while sending broadcast message: Network is unreachable
2018-04-03 13:56:48 MSG merovingian[79050]: proxying client localhost:64748 for database 'prov' to mapi:monetdb:///Users/liliane/Documents/Mestrado/Laboratório de Banco de Dados/labbd/db/prov/.mapi.sock?database=prov
2018-04-03 13:56:48 MSG merovingian[79050]: target connection is on local UNIX domain socket, passing on filedescriptor instead of proxying
2018-04-03 14:06:24 MSG merovingian[79050]: proxying client localhost:49372 for database 'prov' to mapi:monetdb:///Users/liliane/Documents/Mestrado/Laboratório de Banco de Dados/labbd/db/prov/.mapi.sock?database=prov
2018-04-03 14:06:24 MSG merovingian[79050]: target connection is on local UNIX domain socket, passing on filedescriptor instead of proxying
2018-04-03 14:07:13 MSG merovingian[79050]: proxying client localhost:49455 for database 'prov' to mapi:monetdb:///Users/liliane/Documents/Mestrado/Laboratório de Banco de Dados/labbd/db/prov/.mapi.sock?database=prov
2018-04-03 14:07:13 MSG merovingian[79050]: target connection is on local UNIX domain socket, passing on filedescriptor instead of proxying
2018-04-03 14:49:06 MSG merovingian[79050]: proxying client localhost:52606 for database 'prov' to mapi:monetdb:///Users/liliane/Documents/Mestrado/Laboratório de Banco de Dados/labbd/db/prov/.mapi.sock?database=prov
2018-04-03 14:49:06 MSG merovingian[79050]: target connection is on local UNIX domain socket, passing on filedescriptor instead of proxying
2018-04-03 14:49:14 MSG merovingian[79050]: proxying client localhost:52618 for database 'prov' to mapi:monetdb:///Users/liliane/Documents/Mestrado/Laboratório de Banco de Dados/labbd/db/prov/.mapi.sock?database=prov
2018-04-03 14:49:14 MSG merovingian[79050]: target connection is on local UNIX domain socket, passing on filedescriptor instead of proxying
2018-04-03 14:49:42 MSG merovingian[79050]: proxying client localhost:52665 for database 'prov' to mapi:monetdb:///Users/liliane/Documents/Mestrado/Laboratório de Banco de Dados/labbd/db/prov/.mapi.sock?database=prov
2018-04-03 14:49:42 MSG merovingian[79050]: target connection is on local UNIX domain socket, passing on filedescriptor instead of proxying
2018-04-03 14:50:13 MSG merovingian[79050]: proxying client localhost:52717 for database 'prov' to mapi:monetdb:///Users/liliane/Documents/Mestrado/Laboratório de Banco de Dados/labbd/db/prov/.mapi.sock?database=prov
2018-04-03 14:50:13 MSG merovingian[79050]: target connection is on local UNIX domain socket, passing on filedescriptor instead of proxying
2018-04-03 14:51:15 MSG merovingian[79050]: proxying client localhost:52821 for database 'prov' to mapi:monetdb:///Users/liliane/Documents/Mestrado/Laboratório de Banco de Dados/labbd/db/prov/.mapi.sock?database=prov
2018-04-03 14:51:15 MSG merovingian[79050]: target connection is on local UNIX domain socket, passing on filedescriptor instead of proxying
2018-04-03 14:52:09 MSG merovingian[79050]: proxying client localhost:52909 for database 'prov' to mapi:monetdb:///Users/liliane/Documents/Mestrado/Laboratório de Banco de Dados/labbd/db/prov/.mapi.sock?database=prov
2018-04-03 14:52:09 MSG merovingian[79050]: target connection is on local UNIX domain socket, passing on filedescriptor instead of proxying
2018-04-03 14:52:59 MSG merovingian[79050]: proxying client localhost:53011 for database 'prov' to mapi:monetdb:///Users/liliane/Documents/Mestrado/Laboratório de Banco de Dados/labbd/db/prov/.mapi.sock?database=prov
2018-04-03 14:52:59 MSG merovingian[79050]: target connection is on local UNIX domain socket, passing on filedescriptor instead of proxying
2018-04-03 14:53:28 MSG merovingian[79050]: proxying client localhost:53059 for database 'prov' to mapi:monetdb:///Users/liliane/Documents/Mestrado/Laboratório de Banco de Dados/labbd/db/prov/.mapi.sock?database=prov
2018-04-03 14:53:28 MSG merovingian[79050]: target connection is on local UNIX domain socket, passing on filedescriptor instead of proxying
2018-04-03 14:54:30 MSG merovingian[79050]: proxying client localhost:53161 for database 'prov' to mapi:monetdb:///Users/liliane/Documents/Mestrado/Laboratório de Banco de Dados/labbd/db/prov/.mapi.sock?database=prov
2018-04-03 14:54:30 MSG merovingian[79050]: target connection is on local UNIX domain socket, passing on filedescriptor instead of proxying
2018-04-03 14:54:59 MSG merovingian[79050]: proxying client localhost:53208 for database 'prov' to mapi:monetdb:///Users/liliane/Documents/Mestrado/Laboratório de Banco de Dados/labbd/db/prov/.mapi.sock?database=prov
2018-04-03 14:54:59 MSG merovingian[79050]: target connection is on local UNIX domain socket, passing on filedescriptor instead of proxying
2018-04-03 14:59:15 MSG merovingian[79050]: proxying client localhost:53657 for database 'prov' to mapi:monetdb:///Users/liliane/Documents/Mestrado/Laboratório de Banco de Dados/labbd/db/prov/.mapi.sock?database=prov
2018-04-03 14:59:15 MSG merovingian[79050]: target connection is on local UNIX domain socket, passing on filedescriptor instead of proxying
2018-04-03 15:01:16 MSG merovingian[79050]: proxying client localhost:53862 for database 'prov' to mapi:monetdb:///Users/liliane/Documents/Mestrado/Laboratório de Banco de Dados/labbd/db/prov/.mapi.sock?database=prov
2018-04-03 15:01:16 MSG merovingian[79050]: target connection is on local UNIX domain socket, passing on filedescriptor instead of proxying
2018-04-03 15:02:39 MSG merovingian[79050]: proxying client localhost:54004 for database 'prov' to mapi:monetdb:///Users/liliane/Documents/Mestrado/Laboratório de Banco de Dados/labbd/db/prov/.mapi.sock?database=prov
2018-04-03 15:02:39 MSG merovingian[79050]: target connection is on local UNIX domain socket, passing on filedescriptor instead of proxying
2018-04-03 15:03:38 MSG merovingian[79050]: proxying client localhost:54118 for database 'prov' to mapi:monetdb:///Users/liliane/Documents/Mestrado/Laboratório de Banco de Dados/labbd/db/prov/.mapi.sock?database=prov
2018-04-03 15:03:38 MSG merovingian[79050]: target connection is on local UNIX domain socket, passing on filedescriptor instead of proxying
2018-04-03 15:05:11 MSG merovingian[79050]: proxying client localhost:54274 for database 'prov' to mapi:monetdb:///Users/liliane/Documents/Mestrado/Laboratório de Banco de Dados/labbd/db/prov/.mapi.sock?database=prov
2018-04-03 15:05:11 MSG merovingian[79050]: target connection is on local UNIX domain socket, passing on filedescriptor instead of proxying
2018-04-03 15:05:47 MSG merovingian[79050]: proxying client localhost:54338 for database 'prov' to mapi:monetdb:///Users/liliane/Documents/Mestrado/Laboratório de Banco de Dados/labbd/db/prov/.mapi.sock?database=prov
2018-04-03 15:05:47 MSG merovingian[79050]: target connection is on local UNIX domain socket, passing on filedescriptor instead of proxying
2018-04-03 15:05:52 MSG merovingian[79050]: proxying client localhost:54345 for database 'prov' to mapi:monetdb:///Users/liliane/Documents/Mestrado/Laboratório de Banco de Dados/labbd/db/prov/.mapi.sock?database=prov
2018-04-03 15:05:52 MSG merovingian[79050]: target connection is on local UNIX domain socket, passing on filedescriptor instead of proxying
2018-04-03 15:15:54 MSG merovingian[79050]: proxying client localhost:55381 for database 'prov' to mapi:monetdb:///Users/liliane/Documents/Mestrado/Laboratório de Banco de Dados/labbd/db/prov/.mapi.sock?database=prov
2018-04-03 15:15:54 MSG merovingian[79050]: target connection is on local UNIX domain socket, passing on filedescriptor instead of proxying
2018-04-03 15:16:32 MSG merovingian[79050]: proxying client localhost:55445 for database 'prov' to mapi:monetdb:///Users/liliane/Documents/Mestrado/Laboratório de Banco de Dados/labbd/db/prov/.mapi.sock?database=prov
2018-04-03 15:16:32 MSG merovingian[79050]: target connection is on local UNIX domain socket, passing on filedescriptor instead of proxying
2018-04-03 15:18:37 MSG merovingian[79050]: proxying client localhost:55680 for database 'prov' to mapi:monetdb:///Users/liliane/Documents/Mestrado/Laboratório de Banco de Dados/labbd/db/prov/.mapi.sock?database=prov
2018-04-03 15:18:37 MSG merovingian[79050]: target connection is on local UNIX domain socket, passing on filedescriptor instead of proxying
2018-04-03 15:21:22 MSG merovingian[79050]: proxying client localhost:55983 for database 'prov' to mapi:monetdb:///Users/liliane/Documents/Mestrado/Laboratório de Banco de Dados/labbd/db/prov/.mapi.sock?database=prov
2018-04-03 15:21:22 MSG merovingian[79050]: target connection is on local UNIX domain socket, passing on filedescriptor instead of proxying
2018-04-03 15:22:04 MSG merovingian[79050]: proxying client localhost:56061 for database 'prov' to mapi:monetdb:///Users/liliane/Documents/Mestrado/Laboratório de Banco de Dados/labbd/db/prov/.mapi.sock?database=prov
2018-04-03 15:22:04 MSG merovingian[79050]: target connection is on local UNIX domain socket, passing on filedescriptor instead of proxying
2018-04-03 19:59:50 ERR discovery[79050]: error while sending broadcast message: Network is down
2018-04-03 23:07:24 ERR discovery[79050]: error while sending broadcast message: Network is unreachable
2018-04-04 00:39:17 ERR discovery[79050]: error while sending broadcast message: Network is down
2018-04-04 19:35:18 ERR discovery[79050]: error while sending broadcast message: Network is unreachable
2018-04-04 23:30:07 ERR discovery[79050]: error while sending broadcast message: Network is unreachable
2018-04-05 08:44:39 ERR discovery[79050]: error while sending broadcast message: Network is unreachable
2018-04-05 09:35:35 ERR discovery[79050]: error while sending broadcast message: Network is unreachable
2018-04-05 18:58:43 ERR discovery[79050]: error while sending broadcast message: Network is unreachable
2018-04-05 21:27:13 ERR discovery[79050]: error while sending broadcast message: Network is unreachable
2018-04-05 23:30:07 ERR discovery[79050]: error while sending broadcast message: Network is unreachable
2018-04-06 21:00:24 ERR discovery[79050]: error while sending broadcast message: Network is unreachable
2018-04-06 21:04:13 MSG merovingian[79050]: caught SIGTERM, starting shutdown sequence
2018-04-06 21:04:13 MSG control[79050]: control channel closed
2018-04-06 21:04:13 ERR merovingian[79050]: unable to unlink control socket '/tmp/.s.merovingian.50000': No such file or directory
2018-04-06 21:04:13 ERR merovingian[79050]: unable to unlink mapi socket '/tmp/.s.monetdb.50000': No such file or directory
